<?xml version="1.0" encoding="UTF-8"?>
<!-- Generated by org.testng.reporters.JUnitReportReporter -->
<testsuite skipped="0" hostname="P11-AS-GGLC102" name="TestNg_Asserts.TestNG_Listener3" tests="2" failures="0" timestamp="30 Aug 2018 12:31:59 GMT" time="0.016" errors="0">
  <testcase name="testMethod2" time="0.004" classname="TestNg_Asserts.TestNG_Listener3"/>
  <testcase name="testMethod1" time="0.012" classname="TestNg_Asserts.TestNG_Listener3"/>
</testsuite> <!-- TestNg_Asserts.TestNG_Listener3 -->
