<?xml version="1.0" encoding="UTF-8"?>
<!-- Generated by org.testng.reporters.JUnitReportReporter -->
<testsuite skipped="0" hostname="P11-AS-GGLC102" name="TestNg_Asserts.Test_Priority" tests="3" failures="0" timestamp="06 Mar 2018 17:08:49 GMT" time="0.006" errors="0">
  <testcase name="testmethod3" time="0.002" classname="TestNg_Asserts.Test_Priority"/>
  <testcase name="testmethod2" time="0.002" classname="TestNg_Asserts.Test_Priority"/>
  <testcase name="testmethod1" time="0.002" classname="TestNg_Asserts.Test_Priority"/>
</testsuite> <!-- TestNg_Asserts.Test_Priority -->
