<?xml version="1.0" encoding="UTF-8"?>
<!-- Generated by org.testng.reporters.JUnitReportReporter -->
<testsuite skipped="0" hostname="P11-AS-GGLC102" name="TestNg_Asserts.TestNG_Listeners" tests="2" failures="0" timestamp="13 Mar 2018 12:27:21 GMT" time="0.062" errors="0">
  <testcase name="testmethod1" time="0.058" classname="TestNg_Asserts.TestNG_Listeners"/>
  <testcase name="testmethod2" time="0.004" classname="TestNg_Asserts.TestNG_Listeners"/>
</testsuite> <!-- TestNg_Asserts.TestNG_Listeners -->
