<?xml version="1.0" encoding="UTF-8"?>
<!-- Generated by org.testng.reporters.JUnitReportReporter -->
<testsuite skipped="0" hostname="P11-AS-GGLC102" name="TestNg_Asserts.Annotations_test1" tests="2" failures="0" timestamp="28 Feb 2018 17:31:28 GMT" time="0.016" errors="0">
  <testcase name="testmethod1" time="0.011" classname="TestNg_Asserts.Annotations_test1"/>
  <testcase name="testmethod2" time="0.005" classname="TestNg_Asserts.Annotations_test1"/>
</testsuite> <!-- TestNg_Asserts.Annotations_test1 -->
