<?xml version="1.0" encoding="UTF-8"?>
<!-- Generated by org.testng.reporters.JUnitReportReporter -->
<testsuite skipped="0" hostname="P11-AS-GGLC102" name="TestNg_Asserts.TestNG_DataInput" tests="2" failures="0" timestamp="11 Mar 2018 17:42:44 GMT" time="0.046" errors="0">
  <testcase name="testmethod" time="0.035" classname="TestNg_Asserts.TestNG_DataInput"/>
  <testcase name="testmethod" time="0.011" classname="TestNg_Asserts.TestNG_DataInput"/>
</testsuite> <!-- TestNg_Asserts.TestNG_DataInput -->
