<?xml version="1.0" encoding="UTF-8"?>
<!-- Generated by org.testng.reporters.JUnitReportReporter -->
<testsuite skipped="0" hostname="P11-AS-GGLC102" name="Reporting.PracticalExample" tests="1" failures="0" timestamp="21 Mar 2018 17:39:10 GMT" time="16.109" errors="0">
  <testcase name="testmethod" time="16.109" classname="Reporting.PracticalExample"/>
</testsuite> <!-- Reporting.PracticalExample -->
