<?xml version="1.0" encoding="UTF-8"?>
<!-- Generated by org.testng.reporters.JUnitReportReporter -->
<testsuite skipped="0" hostname="P11-AS-GGLC102" name="TestNg_Asserts.Test_Parameter" tests="2" failures="0" timestamp="08 Mar 2018 13:07:32 GMT" time="12.014" errors="0">
  <testcase name="testMethod1" time="6.010" classname="TestNg_Asserts.Test_Parameter"/>
  <testcase name="testMethod2" time="6.004" classname="TestNg_Asserts.Test_Parameter"/>
</testsuite> <!-- TestNg_Asserts.Test_Parameter -->
