<?xml version="1.0" encoding="UTF-8"?>
<!-- Generated by org.testng.reporters.JUnitReportReporter -->
<testsuite skipped="0" hostname="P11-AS-GGLC102" name="TestNg_Asserts.Assert_Test" tests="4" failures="0" timestamp="26 Feb 2018 09:25:15 GMT" time="0.030" errors="0">
  <testcase name="TestMethod1" time="0.030" classname="TestNg_Asserts.Assert_Test"/>
  <testcase name="TestMethod2" time="0.000" classname="TestNg_Asserts.Assert_Test"/>
  <testcase name="TestMethod4" time="0.000" classname="TestNg_Asserts.Assert_Test"/>
  <testcase name="TestMethod3" time="0.000" classname="TestNg_Asserts.Assert_Test"/>
</testsuite> <!-- TestNg_Asserts.Assert_Test -->
