<?xml version="1.0" encoding="UTF-8"?>
<!-- Generated by org.testng.reporters.JUnitReportReporter -->
<testsuite skipped="0" hostname="P11-AS-GGLC102" name="TestNg_Asserts.TestNG_Parallel1" tests="2" failures="0" timestamp="08 Mar 2018 12:41:30 GMT" time="12.027" errors="0">
  <testcase name="testMethod2" time="6.008" classname="TestNg_Asserts.TestNG_Parallel1"/>
  <testcase name="testMethod1" time="6.019" classname="TestNg_Asserts.TestNG_Parallel1"/>
</testsuite> <!-- TestNg_Asserts.TestNG_Parallel1 -->
