<?xml version="1.0" encoding="UTF-8"?>
<!-- Generated by org.testng.reporters.JUnitReportReporter -->
<testsuite skipped="0" hostname="P11-AS-GGLC102" name="TestNg_Asserts.Test_EnableTimeOut" tests="2" failures="0" timestamp="06 Mar 2018 09:36:26 GMT" time="2.034" errors="1">
  <testcase name="testEnable" time="0.010" classname="TestNg_Asserts.Test_EnableTimeOut"/>
  <testcase name="testTimeOut" time="2.024" classname="TestNg_Asserts.Test_EnableTimeOut">
    <error type="org.testng.internal.thread.ThreadTimeoutException" message="Method TestNg_Asserts.Test_EnableTimeOut.testTimeOut() didn&#039;t finish within the time-out 2000">
      <![CDATA[org.testng.internal.thread.ThreadTimeoutException: Method TestNg_Asserts.Test_EnableTimeOut.testTimeOut() didn't finish within the time-out 2000
]]>
    </error>
  </testcase> <!-- testTimeOut -->
</testsuite> <!-- TestNg_Asserts.Test_EnableTimeOut -->
