<?xml version="1.0" encoding="UTF-8"?>
<!-- Generated by org.testng.reporters.JUnitReportReporter -->
<testsuite skipped="0" hostname="P11-AS-GGLC102" name="Reporting.TestER1" tests="1" failures="0" timestamp="15 Mar 2018 16:56:04 GMT" time="0.016" errors="0">
  <testcase name="testMethod1" time="0.016" classname="Reporting.TestER1"/>
</testsuite> <!-- Reporting.TestER1 -->
