<?xml version="1.0" encoding="UTF-8"?>
<!-- Generated by org.testng.reporters.JUnitReportReporter -->
<testsuite skipped="0" hostname="P11-AS-GGLC102" name="TestNg_Asserts.TestNG_DataProvider" tests="2" failures="0" timestamp="11 Mar 2018 16:50:23 GMT" time="0.044" errors="0">
  <testcase name="testMethod" time="0.032" classname="TestNg_Asserts.TestNG_DataProvider"/>
  <testcase name="testMethod" time="0.012" classname="TestNg_Asserts.TestNG_DataProvider"/>
</testsuite> <!-- TestNg_Asserts.TestNG_DataProvider -->
