<?xml version="1.0" encoding="UTF-8"?>
<!-- Generated by org.testng.reporters.JUnitReportReporter -->
<testsuite skipped="0" hostname="P11-AS-GGLC102" name="TestNg_Asserts.Test_Grouping" tests="5" failures="0" timestamp="06 Mar 2018 17:08:49 GMT" time="0.014" errors="0">
  <testcase name="testJaguar" time="0.003" classname="TestNg_Asserts.Test_Grouping"/>
  <testcase name="testCow" time="0.007" classname="TestNg_Asserts.Test_Grouping"/>
  <testcase name="testPanther" time="0.001" classname="TestNg_Asserts.Test_Grouping"/>
  <testcase name="testTiger" time="0.001" classname="TestNg_Asserts.Test_Grouping"/>
  <testcase name="testGoat" time="0.002" classname="TestNg_Asserts.Test_Grouping"/>
</testsuite> <!-- TestNg_Asserts.Test_Grouping -->
