<?xml version="1.0" encoding="UTF-8"?>
<!-- Generated by org.testng.reporters.JUnitReportReporter -->
<testsuite skipped="0" hostname="P11-AS-GGLC102" name="TestNg_Asserts.TestNG_Listeners2" tests="2" failures="0" timestamp="30 Aug 2018 12:39:44 GMT" time="0.012" errors="0">
  <testcase name="testmethod1" time="0.008" classname="TestNg_Asserts.TestNG_Listeners2"/>
  <testcase name="testmethod2" time="0.004" classname="TestNg_Asserts.TestNG_Listeners2"/>
</testsuite> <!-- TestNg_Asserts.TestNG_Listeners2 -->
