<?xml version="1.0" encoding="UTF-8"?>
<!-- Generated by org.testng.reporters.JUnitReportReporter -->
<testsuite skipped="0" hostname="P11-AS-GGLC102" name="vendorly.Test.vTloginPage" tests="1" failures="0" timestamp="24 Oct 2018 02:28:34 GMT" time="113.648" errors="0">
  <testcase name="LoginPage" time="113.648" classname="vendorly.Test.vTloginPage"/>
</testsuite> <!-- vendorly.Test.vTloginPage -->
