<?xml version="1.0" encoding="UTF-8"?>
<!-- Generated by org.testng.reporters.JUnitReportReporter -->
<testsuite skipped="0" hostname="P11-AS-GGLC102" name="vendorly.Test.vTloginPage" tests="1" failures="0" timestamp="20 Nov 2018 15:31:19 GMT" time="122.535" errors="0">
  <testcase name="CreateOfferWindow" time="122.535" classname="vendorly.Test.vTloginPage"/>
</testsuite> <!-- vendorly.Test.vTloginPage -->
