<?xml version="1.0" encoding="UTF-8"?>
<!-- Generated by org.testng.reporters.JUnitReportReporter -->
<testsuite skipped="0" hostname="P11-AS-GGLC102" name="com.pHpTravel.test.HomePageFrontEnd" tests="2" failures="0" timestamp="19 Sep 2018 17:53:25 GMT" time="31.037" errors="0">
  <testcase name="PageTitle" time="15.992" classname="com.pHpTravel.test.HomePageFrontEnd"/>
  <testcase name="verifyPhpTravelsLogo" time="15.045" classname="com.pHpTravel.test.HomePageFrontEnd"/>
</testsuite> <!-- com.pHpTravel.test.HomePageFrontEnd -->
